#
# There is insufficient memory for the Java Runtime Environment to continue.
# Native memory allocation (malloc) failed to allocate 32784 bytes for Chunk::new
# Possible reasons:
#   The system is out of physical RAM or swap space
#   The process is running with CompressedOops enabled, and the Java Heap may be blocking the growth of the native heap
# Possible solutions:
#   Reduce memory load on the system
#   Increase physical memory or swap space
#   Check if swap backing store is full
#   Decrease Java heap size (-Xmx/-Xms)
#   Decrease number of Java threads
#   Decrease Java thread stack sizes (-Xss)
#   Set larger code cache with -XX:ReservedCodeCacheSize=
#   JVM is running with Unscaled Compressed Oops mode in which the Java heap is
#     placed in the first 4GB address space. The Java Heap base address is the
#     maximum limit for the native heap growth. Please use -XX:HeapBaseMinAddress
#     to set the Java Heap base and to place the Java Heap above 4GB virtual address.
# This output file may be truncated or incomplete.
#
#  Out of Memory Error (arena.cpp:189), pid=21432, tid=30672
#
# JRE version: Java(TM) SE Runtime Environment (17.0.2+8) (build 17.0.2+8-LTS-86)
# Java VM: Java HotSpot(TM) 64-Bit Server VM (17.0.2+8-LTS-86, mixed mode, sharing, tiered, compressed oops, compressed class ptrs, g1 gc, windows-amd64)
# No core dump will be written. Minidumps are not enabled by default on client versions of Windows
#

---------------  S U M M A R Y ------------

Command Line: -javaagent:C:\Program Files\JetBrains\IntelliJ IDEA Community Edition 2024.1.4\lib\idea_rt.jar=56839:C:\Program Files\JetBrains\IntelliJ IDEA Community Edition 2024.1.4\bin -Dfile.encoding=UTF-8 com.echo.acknowledgehub.AcknowledgehubApplication

Host: 11th Gen Intel(R) Core(TM) i5-11400H @ 2.70GHz, 12 cores, 7G,  Windows 11 , 64 bit Build 22621 (10.0.22621.3672)
Time: Sat Aug 24 14:04:22 2024 Myanmar Standard Time elapsed time: 773.026863 seconds (0d 0h 12m 53s)

---------------  T H R E A D  ---------------

Current thread (0x000001eaf3f65480):  JavaThread "C2 CompilerThread0" daemon [_thread_in_native, id=30672, stack(0x000000e3e3a00000,0x000000e3e3b00000)]


Current CompileTask:
C2: 773026 11452       4       java.time.format.DateTimeFormatterBuilder$FractionPrinterParser::format (173 bytes)

Stack: [0x000000e3e3a00000,0x000000e3e3b00000]
Native frames: (J=compiled Java code, j=interpreted, Vv=VM code, C=native code)
V  [jvm.dll+0x670baa]
V  [jvm.dll+0x7cfcb4]
V  [jvm.dll+0x7d145e]
V  [jvm.dll+0x7d1ac3]
V  [jvm.dll+0x242bc5]
V  [jvm.dll+0xaa57b]
V  [jvm.dll+0xaab0c]
V  [jvm.dll+0xaa68b]
V  [jvm.dll+0x6940ce]
V  [jvm.dll+0x217154]
V  [jvm.dll+0x214fab]
V  [jvm.dll+0x1a1bbd]
V  [jvm.dll+0x224908]
V  [jvm.dll+0x222a6c]
V  [jvm.dll+0x7859bb]
V  [jvm.dll+0x77ff7a]
V  [jvm.dll+0x66fa35]
C  [ucrtbase.dll+0x29333]
C  [KERNEL32.DLL+0x1257d]
C  [ntdll.dll+0x5af28]


---------------  P R O C E S S  ---------------

Threads class SMR info:
_java_thread_list=0x000001eaf960c800, length=32, elements={
0x000001eaf3f382a0, 0x000001eaf3f39c60, 0x000001eaf3f4a190, 0x000001eaf3f4aa50,
0x000001eaf3f4de30, 0x000001eaf3f50e20, 0x000001eaf3f65480, 0x000001eaf3f86270,
0x000001eaf3f86780, 0x000001eaf4b15f30, 0x000001eaf520d270, 0x000001eaf53a6910,
0x000001eaf8ecd010, 0x000001eaf94d2c40, 0x000001eaf933f540, 0x000001eaf933fa10,
0x000001eaf933fee0, 0x000001eaf93403b0, 0x000001eaf9340880, 0x000001eaf9fc1540,
0x000001eaf9fc23b0, 0x000001eaf9fc7580, 0x000001eaf9fc7f20, 0x000001eaf9fc88c0,
0x000001eaf9fc1070, 0x000001eaf9fc83f0, 0x000001eaf9fc1a10, 0x000001eaf9fc1ee0,
0x000001eaf9fc2880, 0x000001eaf9fc58a0, 0x000001eaf9fc2d50, 0x000001eaf9fc3220
}

Java Threads: ( => current thread )
  0x000001eaf3f382a0 JavaThread "Reference Handler" daemon [_thread_blocked, id=10964, stack(0x000000e3e3400000,0x000000e3e3500000)]
  0x000001eaf3f39c60 JavaThread "Finalizer" daemon [_thread_blocked, id=4228, stack(0x000000e3e3500000,0x000000e3e3600000)]
  0x000001eaf3f4a190 JavaThread "Signal Dispatcher" daemon [_thread_blocked, id=32728, stack(0x000000e3e3600000,0x000000e3e3700000)]
  0x000001eaf3f4aa50 JavaThread "Attach Listener" daemon [_thread_blocked, id=3832, stack(0x000000e3e3700000,0x000000e3e3800000)]
  0x000001eaf3f4de30 JavaThread "Service Thread" daemon [_thread_blocked, id=31332, stack(0x000000e3e3800000,0x000000e3e3900000)]
  0x000001eaf3f50e20 JavaThread "Monitor Deflation Thread" daemon [_thread_blocked, id=11200, stack(0x000000e3e3900000,0x000000e3e3a00000)]
=>0x000001eaf3f65480 JavaThread "C2 CompilerThread0" daemon [_thread_in_native, id=30672, stack(0x000000e3e3a00000,0x000000e3e3b00000)]
  0x000001eaf3f86270 JavaThread "C1 CompilerThread0" daemon [_thread_blocked, id=1272, stack(0x000000e3e3b00000,0x000000e3e3c00000)]
  0x000001eaf3f86780 JavaThread "Sweeper thread" daemon [_thread_blocked, id=25116, stack(0x000000e3e3c00000,0x000000e3e3d00000)]
  0x000001eaf4b15f30 JavaThread "Common-Cleaner" daemon [_thread_blocked, id=1592, stack(0x000000e3e3d00000,0x000000e3e3e00000)]
  0x000001eaf520d270 JavaThread "Monitor Ctrl-Break" daemon [_thread_in_native, id=15644, stack(0x000000e3e3f00000,0x000000e3e4000000)]
  0x000001eaf53a6910 JavaThread "Notification Thread" daemon [_thread_blocked, id=27816, stack(0x000000e3e4000000,0x000000e3e4100000)]
  0x000001eaf8ecd010 JavaThread "mysql-cj-abandoned-connection-cleanup" daemon [_thread_blocked, id=21508, stack(0x000000e3e4d00000,0x000000e3e4e00000)]
  0x000001eaf94d2c40 JavaThread "HikariPool-1 housekeeper" daemon [_thread_blocked, id=6356, stack(0x000000e3e4f00000,0x000000e3e5000000)]
  0x000001eaf933f540 JavaThread "Catalina-utility-1" [_thread_blocked, id=13476, stack(0x000000e3e3e00000,0x000000e3e3f00000)]
  0x000001eaf933fa10 JavaThread "Catalina-utility-2" [_thread_blocked, id=32720, stack(0x000000e3e5100000,0x000000e3e5200000)]
  0x000001eaf933fee0 JavaThread "container-0" [_thread_blocked, id=25404, stack(0x000000e3e5200000,0x000000e3e5300000)]
  0x000001eaf93403b0 JavaThread "MessageBroker-1" [_thread_blocked, id=4892, stack(0x000000e3e5300000,0x000000e3e5400000)]
  0x000001eaf9340880 JavaThread "http-nio-8080-exec-1" daemon [_thread_blocked, id=12784, stack(0x000000e3e5400000,0x000000e3e5500000)]
  0x000001eaf9fc1540 JavaThread "http-nio-8080-exec-2" daemon [_thread_blocked, id=8344, stack(0x000000e3e5500000,0x000000e3e5600000)]
  0x000001eaf9fc23b0 JavaThread "http-nio-8080-exec-3" daemon [_thread_blocked, id=16224, stack(0x000000e3e5600000,0x000000e3e5700000)]
  0x000001eaf9fc7580 JavaThread "http-nio-8080-exec-4" daemon [_thread_blocked, id=32476, stack(0x000000e3e5700000,0x000000e3e5800000)]
  0x000001eaf9fc7f20 JavaThread "http-nio-8080-exec-5" daemon [_thread_blocked, id=29160, stack(0x000000e3e5800000,0x000000e3e5900000)]
  0x000001eaf9fc88c0 JavaThread "http-nio-8080-exec-6" daemon [_thread_in_vm, id=22108, stack(0x000000e3e5900000,0x000000e3e5a00000)]
  0x000001eaf9fc1070 JavaThread "http-nio-8080-exec-7" daemon [_thread_blocked, id=28564, stack(0x000000e3e5a00000,0x000000e3e5b00000)]
  0x000001eaf9fc83f0 JavaThread "http-nio-8080-exec-8" daemon [_thread_blocked, id=11672, stack(0x000000e3e5b00000,0x000000e3e5c00000)]
  0x000001eaf9fc1a10 JavaThread "http-nio-8080-exec-9" daemon [_thread_blocked, id=2804, stack(0x000000e3e5c00000,0x000000e3e5d00000)]
  0x000001eaf9fc1ee0 JavaThread "http-nio-8080-exec-10" daemon [_thread_blocked, id=22972, stack(0x000000e3e5d00000,0x000000e3e5e00000)]
  0x000001eaf9fc2880 JavaThread "http-nio-8080-Poller" daemon [_thread_in_native, id=16260, stack(0x000000e3e5e00000,0x000000e3e5f00000)]
  0x000001eaf9fc58a0 JavaThread "http-nio-8080-Acceptor" daemon [_thread_in_native, id=31996, stack(0x000000e3e5f00000,0x000000e3e6000000)]
  0x000001eaf9fc2d50 JavaThread "DestroyJavaVM" [_thread_blocked, id=29116, stack(0x000000e3e2d00000,0x000000e3e2e00000)]
  0x000001eaf9fc3220 JavaThread "MessageBroker-2" [_thread_blocked, id=25196, stack(0x000000e3e2a00000,0x000000e3e2b00000)]

Other Threads:
  0x000001eaf3f308f0 VMThread "VM Thread" [stack: 0x000000e3e3300000,0x000000e3e3400000] [id=29152]
  0x000001eaf5218ed0 WatcherThread [stack: 0x000000e3e4100000,0x000000e3e4200000] [id=11320]
  0x000001ead5c41730 GCTaskThread "GC Thread#0" [stack: 0x000000e3e2e00000,0x000000e3e2f00000] [id=15804]
  0x000001eaf5b22370 GCTaskThread "GC Thread#1" [stack: 0x000000e3e4200000,0x000000e3e4300000] [id=11044]
  0x000001eaf5bb6490 GCTaskThread "GC Thread#2" [stack: 0x000000e3e4300000,0x000000e3e4400000] [id=27380]
  0x000001eaf5befc50 GCTaskThread "GC Thread#3" [stack: 0x000000e3e4400000,0x000000e3e4500000] [id=3256]
  0x000001eaf5beff00 GCTaskThread "GC Thread#4" [stack: 0x000000e3e4500000,0x000000e3e4600000] [id=24816]
  0x000001eaf5f898f0 GCTaskThread "GC Thread#5" [stack: 0x000000e3e4700000,0x000000e3e4800000] [id=12896]
  0x000001eaf6294520 GCTaskThread "GC Thread#6" [stack: 0x000000e3e4800000,0x000000e3e4900000] [id=11384]
  0x000001eaf6294be0 GCTaskThread "GC Thread#7" [stack: 0x000000e3e4900000,0x000000e3e4a00000] [id=28700]
  0x000001eaf6294e90 GCTaskThread "GC Thread#8" [stack: 0x000000e3e4a00000,0x000000e3e4b00000] [id=30524]
  0x000001eaf6295140 GCTaskThread "GC Thread#9" [stack: 0x000000e3e4b00000,0x000000e3e4c00000] [id=22088]
  0x000001ead5c52e00 ConcurrentGCThread "G1 Main Marker" [stack: 0x000000e3e2f00000,0x000000e3e3000000] [id=22656]
  0x000001ead5c53810 ConcurrentGCThread "G1 Conc#0" [stack: 0x000000e3e3000000,0x000000e3e3100000] [id=2972]
  0x000001eaf76258a0 ConcurrentGCThread "G1 Conc#1" [stack: 0x000000e3e4600000,0x000000e3e4700000] [id=29828]
  0x000001eaf6373a60 ConcurrentGCThread "G1 Conc#2" [stack: 0x000000e3e4c00000,0x000000e3e4d00000] [id=21908]
  0x000001ead5caecd0 ConcurrentGCThread "G1 Refine#0" [stack: 0x000000e3e3100000,0x000000e3e3200000] [id=19284]
  0x000001eaf3ddac30 ConcurrentGCThread "G1 Service" [stack: 0x000000e3e3200000,0x000000e3e3300000] [id=28056]

Threads with active compile tasks:
C2 CompilerThread0   773043 11452       4       java.time.format.DateTimeFormatterBuilder$FractionPrinterParser::format (173 bytes)

VM state: not at safepoint (normal execution)

VM Mutex/Monitor currently owned by a thread: None

Heap address: 0x0000000084400000, size: 1980 MB, Compressed Oops mode: 32-bit

CDS archive(s) mapped at: [0x0000000800000000-0x0000000800bc0000-0x0000000800bc0000), size 12320768, SharedBaseAddress: 0x0000000800000000, ArchiveRelocationMode: 0.
Compressed class space mapped at: 0x0000000800c00000-0x0000000840c00000, reserved size: 1073741824
Narrow klass base: 0x0000000800000000, Narrow klass shift: 0, Narrow klass range: 0x100000000

GC Precious Log:
 CPUs: 12 total, 12 available
 Memory: 7914M
 Large Page Support: Disabled
 NUMA Support: Disabled
 Compressed Oops: Enabled (32-bit)
 Heap Region Size: 1M
 Heap Min Capacity: 8M
 Heap Initial Capacity: 124M
 Heap Max Capacity: 1980M
 Pre-touch: Disabled
 Parallel Workers: 10
 Concurrent Workers: 3
 Concurrent Refinement Workers: 10
 Periodic GC: Disabled

Heap:
 garbage-first heap   total 128000K, used 84116K [0x0000000084400000, 0x0000000100000000)
  region size 1024K, 39 young (39936K), 1 survivors (1024K)
 Metaspace       used 87307K, committed 87936K, reserved 1130496K
  class space    used 11771K, committed 12096K, reserved 1048576K

Heap Regions: E=young(eden), S=young(survivor), O=old, HS=humongous(starts), HC=humongous(continues), CS=collection set, F=free, OA=open archive, CA=closed archive, TAMS=top-at-mark-start (previous, next)
|   0|0x0000000084400000, 0x0000000084500000, 0x0000000084500000|100%|HS|  |TAMS 0x0000000084500000, 0x0000000084400000| Complete 
|   1|0x0000000084500000, 0x0000000084600000, 0x0000000084600000|100%|HS|  |TAMS 0x0000000084600000, 0x0000000084500000| Complete 
|   2|0x0000000084600000, 0x0000000084700000, 0x0000000084700000|100%|HS|  |TAMS 0x0000000084700000, 0x0000000084600000| Complete 
|   3|0x0000000084700000, 0x0000000084800000, 0x0000000084800000|100%| O|  |TAMS 0x0000000084800000, 0x0000000084700000| Untracked 
|   4|0x0000000084800000, 0x0000000084900000, 0x0000000084900000|100%| O|  |TAMS 0x0000000084900000, 0x0000000084800000| Untracked 
|   5|0x0000000084900000, 0x0000000084a00000, 0x0000000084a00000|100%| O|  |TAMS 0x0000000084a00000, 0x0000000084900000| Untracked 
|   6|0x0000000084a00000, 0x0000000084b00000, 0x0000000084b00000|100%| O|  |TAMS 0x0000000084b00000, 0x0000000084a00000| Untracked 
|   7|0x0000000084b00000, 0x0000000084c00000, 0x0000000084c00000|100%| O|  |TAMS 0x0000000084c00000, 0x0000000084b00000| Untracked 
|   8|0x0000000084c00000, 0x0000000084d00000, 0x0000000084d00000|100%| O|  |TAMS 0x0000000084d00000, 0x0000000084c00000| Untracked 
|   9|0x0000000084d00000, 0x0000000084ddba00, 0x0000000084e00000| 85%| O|  |TAMS 0x0000000084d00000, 0x0000000084d00000| Untracked 
|  10|0x0000000084e00000, 0x0000000084f00000, 0x0000000084f00000|100%| O|  |TAMS 0x0000000084f00000, 0x0000000084e00000| Untracked 
|  11|0x0000000084f00000, 0x0000000085000000, 0x0000000085000000|100%| O|  |TAMS 0x0000000085000000, 0x0000000084f00000| Untracked 
|  12|0x0000000085000000, 0x0000000085100000, 0x0000000085100000|100%| O|  |TAMS 0x0000000085100000, 0x0000000085000000| Untracked 
|  13|0x0000000085100000, 0x0000000085200000, 0x0000000085200000|100%| O|  |TAMS 0x0000000085200000, 0x0000000085100000| Untracked 
|  14|0x0000000085200000, 0x0000000085300000, 0x0000000085300000|100%| O|  |TAMS 0x0000000085300000, 0x0000000085200000| Untracked 
|  15|0x0000000085300000, 0x0000000085400000, 0x0000000085400000|100%| O|  |TAMS 0x0000000085400000, 0x0000000085300000| Untracked 
|  16|0x0000000085400000, 0x0000000085400000, 0x0000000085500000|  0%| F|  |TAMS 0x0000000085400000, 0x0000000085400000| Untracked 
|  17|0x0000000085500000, 0x0000000085600000, 0x0000000085600000|100%| O|  |TAMS 0x0000000085600000, 0x0000000085500000| Untracked 
|  18|0x0000000085600000, 0x0000000085700000, 0x0000000085700000|100%| O|  |TAMS 0x0000000085700000, 0x0000000085600000| Untracked 
|  19|0x0000000085700000, 0x0000000085800000, 0x0000000085800000|100%| O|  |TAMS 0x0000000085800000, 0x0000000085700000| Untracked 
|  20|0x0000000085800000, 0x0000000085900000, 0x0000000085900000|100%| O|  |TAMS 0x0000000085900000, 0x0000000085800000| Untracked 
|  21|0x0000000085900000, 0x0000000085a00000, 0x0000000085a00000|100%| O|  |TAMS 0x0000000085a00000, 0x0000000085900000| Untracked 
|  22|0x0000000085a00000, 0x0000000085b00000, 0x0000000085b00000|100%| O|  |TAMS 0x0000000085b00000, 0x0000000085a00000| Untracked 
|  23|0x0000000085b00000, 0x0000000085b00000, 0x0000000085c00000|  0%| F|  |TAMS 0x0000000085b00000, 0x0000000085b00000| Untracked 
|  24|0x0000000085c00000, 0x0000000085d00000, 0x0000000085d00000|100%| O|  |TAMS 0x0000000085cfda00, 0x0000000085c00000| Untracked 
|  25|0x0000000085d00000, 0x0000000085e00000, 0x0000000085e00000|100%| O|  |TAMS 0x0000000085e00000, 0x0000000085d00000| Untracked 
|  26|0x0000000085e00000, 0x0000000085f00000, 0x0000000085f00000|100%| O|  |TAMS 0x0000000085f00000, 0x0000000085e00000| Untracked 
|  27|0x0000000085f00000, 0x0000000086000000, 0x0000000086000000|100%| O|  |TAMS 0x0000000086000000, 0x0000000085f00000| Untracked 
|  28|0x0000000086000000, 0x0000000086100000, 0x0000000086100000|100%| O|  |TAMS 0x0000000086100000, 0x0000000086000000| Untracked 
|  29|0x0000000086100000, 0x0000000086200000, 0x0000000086200000|100%| O|  |TAMS 0x0000000086200000, 0x0000000086100000| Untracked 
|  30|0x0000000086200000, 0x0000000086300000, 0x0000000086300000|100%| O|  |TAMS 0x0000000086300000, 0x0000000086200000| Untracked 
|  31|0x0000000086300000, 0x0000000086400000, 0x0000000086400000|100%| O|  |TAMS 0x0000000086400000, 0x0000000086300000| Untracked 
|  32|0x0000000086400000, 0x0000000086500000, 0x0000000086500000|100%| O|  |TAMS 0x0000000086500000, 0x0000000086400000| Untracked 
|  33|0x0000000086500000, 0x0000000086600000, 0x0000000086600000|100%| O|  |TAMS 0x0000000086600000, 0x0000000086500000| Untracked 
|  34|0x0000000086600000, 0x0000000086700000, 0x0000000086700000|100%| O|  |TAMS 0x0000000086700000, 0x0000000086600000| Untracked 
|  35|0x0000000086700000, 0x0000000086800000, 0x0000000086800000|100%| O|  |TAMS 0x0000000086800000, 0x0000000086700000| Untracked 
|  36|0x0000000086800000, 0x0000000086900000, 0x0000000086900000|100%| O|  |TAMS 0x0000000086900000, 0x0000000086800000| Untracked 
|  37|0x0000000086900000, 0x0000000086a00000, 0x0000000086a00000|100%| O|  |TAMS 0x0000000086a00000, 0x0000000086900000| Untracked 
|  38|0x0000000086a00000, 0x0000000086b00000, 0x0000000086b00000|100%| O|  |TAMS 0x0000000086b00000, 0x0000000086a00000| Untracked 
|  39|0x0000000086b00000, 0x0000000086c00000, 0x0000000086c00000|100%| O|  |TAMS 0x0000000086c00000, 0x0000000086b00000| Untracked 
|  40|0x0000000086c00000, 0x0000000086d00000, 0x0000000086d00000|100%| O|  |TAMS 0x0000000086d00000, 0x0000000086c00000| Untracked 
|  41|0x0000000086d00000, 0x0000000086e00000, 0x0000000086e00000|100%| O|  |TAMS 0x0000000086e00000, 0x0000000086d00000| Untracked 
|  42|0x0000000086e00000, 0x0000000086f00000, 0x0000000086f00000|100%| O|  |TAMS 0x0000000086f00000, 0x0000000086e00000| Untracked 
|  43|0x0000000086f00000, 0x0000000087000000, 0x0000000087000000|100%| O|  |TAMS 0x0000000087000000, 0x0000000086f00000| Untracked 
|  44|0x0000000087000000, 0x0000000087100000, 0x0000000087100000|100%| O|  |TAMS 0x0000000087100000, 0x0000000087000000| Untracked 
|  45|0x0000000087100000, 0x0000000087200000, 0x0000000087200000|100%| O|  |TAMS 0x0000000087200000, 0x0000000087100000| Untracked 
|  46|0x0000000087200000, 0x0000000087300000, 0x0000000087300000|100%| O|  |TAMS 0x0000000087300000, 0x0000000087200000| Untracked 
|  47|0x0000000087300000, 0x0000000087300000, 0x0000000087400000|  0%| F|  |TAMS 0x0000000087300000, 0x0000000087300000| Untracked 
|  48|0x0000000087400000, 0x0000000087400000, 0x0000000087500000|  0%| F|  |TAMS 0x0000000087400000, 0x0000000087400000| Untracked 
|  49|0x0000000087500000, 0x0000000087500000, 0x0000000087600000|  0%| F|  |TAMS 0x0000000087500000, 0x0000000087500000| Untracked 
|  50|0x0000000087600000, 0x0000000087600000, 0x0000000087700000|  0%| F|  |TAMS 0x0000000087600000, 0x0000000087600000| Untracked 
|  51|0x0000000087700000, 0x0000000087700000, 0x0000000087800000|  0%| F|  |TAMS 0x0000000087700000, 0x0000000087700000| Untracked 
|  52|0x0000000087800000, 0x0000000087800000, 0x0000000087900000|  0%| F|  |TAMS 0x0000000087800000, 0x0000000087800000| Untracked 
|  53|0x0000000087900000, 0x0000000087900000, 0x0000000087a00000|  0%| F|  |TAMS 0x0000000087900000, 0x0000000087900000| Untracked 
|  54|0x0000000087a00000, 0x0000000087a00000, 0x0000000087b00000|  0%| F|  |TAMS 0x0000000087a00000, 0x0000000087a00000| Untracked 
|  55|0x0000000087b00000, 0x0000000087b00000, 0x0000000087c00000|  0%| F|  |TAMS 0x0000000087b00000, 0x0000000087b00000| Untracked 
|  56|0x0000000087c00000, 0x0000000087c00000, 0x0000000087d00000|  0%| F|  |TAMS 0x0000000087c00000, 0x0000000087c00000| Untracked 
|  57|0x0000000087d00000, 0x0000000087d00000, 0x0000000087e00000|  0%| F|  |TAMS 0x0000000087d00000, 0x0000000087d00000| Untracked 
|  58|0x0000000087e00000, 0x0000000087e00000, 0x0000000087f00000|  0%| F|  |TAMS 0x0000000087e00000, 0x0000000087e00000| Untracked 
|  59|0x0000000087f00000, 0x0000000087f49640, 0x0000000088000000| 28%| S|CS|TAMS 0x0000000087f00000, 0x0000000087f00000| Complete 
|  60|0x0000000088000000, 0x0000000088000000, 0x0000000088100000|  0%| F|  |TAMS 0x0000000088000000, 0x0000000088000000| Untracked 
|  61|0x0000000088100000, 0x0000000088100000, 0x0000000088200000|  0%| F|  |TAMS 0x0000000088100000, 0x0000000088100000| Untracked 
|  62|0x0000000088200000, 0x0000000088200000, 0x0000000088300000|  0%| F|  |TAMS 0x0000000088200000, 0x0000000088200000| Untracked 
|  63|0x0000000088300000, 0x0000000088300000, 0x0000000088400000|  0%| F|  |TAMS 0x0000000088300000, 0x0000000088300000| Untracked 
|  64|0x0000000088400000, 0x0000000088400000, 0x0000000088500000|  0%| F|  |TAMS 0x0000000088400000, 0x0000000088400000| Untracked 
|  65|0x0000000088500000, 0x0000000088500000, 0x0000000088600000|  0%| F|  |TAMS 0x0000000088500000, 0x0000000088500000| Untracked 
|  66|0x0000000088600000, 0x0000000088600000, 0x0000000088700000|  0%| F|  |TAMS 0x0000000088600000, 0x0000000088600000| Untracked 
|  67|0x0000000088700000, 0x0000000088700000, 0x0000000088800000|  0%| F|  |TAMS 0x0000000088700000, 0x0000000088700000| Untracked 
|  68|0x0000000088800000, 0x0000000088800000, 0x0000000088900000|  0%| F|  |TAMS 0x0000000088800000, 0x0000000088800000| Untracked 
|  69|0x0000000088900000, 0x0000000088900000, 0x0000000088a00000|  0%| F|  |TAMS 0x0000000088900000, 0x0000000088900000| Untracked 
|  70|0x0000000088a00000, 0x0000000088a00000, 0x0000000088b00000|  0%| F|  |TAMS 0x0000000088a00000, 0x0000000088a00000| Untracked 
|  71|0x0000000088b00000, 0x0000000088b00000, 0x0000000088c00000|  0%| F|  |TAMS 0x0000000088b00000, 0x0000000088b00000| Untracked 
|  72|0x0000000088c00000, 0x0000000088c00000, 0x0000000088d00000|  0%| F|  |TAMS 0x0000000088c00000, 0x0000000088c00000| Untracked 
|  73|0x0000000088d00000, 0x0000000088d00000, 0x0000000088e00000|  0%| F|  |TAMS 0x0000000088d00000, 0x0000000088d00000| Untracked 
|  74|0x0000000088e00000, 0x0000000088e00000, 0x0000000088f00000|  0%| F|  |TAMS 0x0000000088e00000, 0x0000000088e00000| Untracked 
|  75|0x0000000088f00000, 0x0000000088f00000, 0x0000000089000000|  0%| F|  |TAMS 0x0000000088f00000, 0x0000000088f00000| Untracked 
|  76|0x0000000089000000, 0x0000000089000000, 0x0000000089100000|  0%| F|  |TAMS 0x0000000089000000, 0x0000000089000000| Untracked 
|  77|0x0000000089100000, 0x0000000089100000, 0x0000000089200000|  0%| F|  |TAMS 0x0000000089100000, 0x0000000089100000| Untracked 
|  78|0x0000000089200000, 0x0000000089200000, 0x0000000089300000|  0%| F|  |TAMS 0x0000000089200000, 0x0000000089200000| Untracked 
|  79|0x0000000089300000, 0x0000000089300000, 0x0000000089400000|  0%| F|  |TAMS 0x0000000089300000, 0x0000000089300000| Untracked 
|  80|0x0000000089400000, 0x0000000089400000, 0x0000000089500000|  0%| F|  |TAMS 0x0000000089400000, 0x0000000089400000| Untracked 
|  81|0x0000000089500000, 0x0000000089500000, 0x0000000089600000|  0%| F|  |TAMS 0x0000000089500000, 0x0000000089500000| Untracked 
|  82|0x0000000089600000, 0x0000000089600000, 0x0000000089700000|  0%| F|  |TAMS 0x0000000089600000, 0x0000000089600000| Untracked 
|  83|0x0000000089700000, 0x0000000089700000, 0x0000000089800000|  0%| F|  |TAMS 0x0000000089700000, 0x0000000089700000| Untracked 
|  84|0x0000000089800000, 0x0000000089800000, 0x0000000089900000|  0%| F|  |TAMS 0x0000000089800000, 0x0000000089800000| Untracked 
|  85|0x0000000089900000, 0x0000000089900000, 0x0000000089a00000|  0%| F|  |TAMS 0x0000000089900000, 0x0000000089900000| Untracked 
|  86|0x0000000089a00000, 0x0000000089a00000, 0x0000000089b00000|  0%| F|  |TAMS 0x0000000089a00000, 0x0000000089a00000| Untracked 
|  87|0x0000000089b00000, 0x0000000089b51fe8, 0x0000000089c00000| 32%| E|  |TAMS 0x0000000089b00000, 0x0000000089b00000| Complete 
|  88|0x0000000089c00000, 0x0000000089d00000, 0x0000000089d00000|100%| E|CS|TAMS 0x0000000089c00000, 0x0000000089c00000| Complete 
|  89|0x0000000089d00000, 0x0000000089e00000, 0x0000000089e00000|100%| E|CS|TAMS 0x0000000089d00000, 0x0000000089d00000| Complete 
|  90|0x0000000089e00000, 0x0000000089f00000, 0x0000000089f00000|100%| E|CS|TAMS 0x0000000089e00000, 0x0000000089e00000| Complete 
|  91|0x0000000089f00000, 0x000000008a000000, 0x000000008a000000|100%| E|CS|TAMS 0x0000000089f00000, 0x0000000089f00000| Complete 
|  92|0x000000008a000000, 0x000000008a100000, 0x000000008a100000|100%| E|CS|TAMS 0x000000008a000000, 0x000000008a000000| Complete 
|  93|0x000000008a100000, 0x000000008a200000, 0x000000008a200000|100%| E|CS|TAMS 0x000000008a100000, 0x000000008a100000| Complete 
|  94|0x000000008a200000, 0x000000008a300000, 0x000000008a300000|100%| E|CS|TAMS 0x000000008a200000, 0x000000008a200000| Complete 
|  95|0x000000008a300000, 0x000000008a400000, 0x000000008a400000|100%| E|CS|TAMS 0x000000008a300000, 0x000000008a300000| Complete 
|  96|0x000000008a400000, 0x000000008a500000, 0x000000008a500000|100%| E|CS|TAMS 0x000000008a400000, 0x000000008a400000| Complete 
|  97|0x000000008a500000, 0x000000008a600000, 0x000000008a600000|100%| E|CS|TAMS 0x000000008a500000, 0x000000008a500000| Complete 
|  98|0x000000008a600000, 0x000000008a700000, 0x000000008a700000|100%| E|CS|TAMS 0x000000008a600000, 0x000000008a600000| Complete 
|  99|0x000000008a700000, 0x000000008a800000, 0x000000008a800000|100%| E|CS|TAMS 0x000000008a700000, 0x000000008a700000| Complete 
| 100|0x000000008a800000, 0x000000008a900000, 0x000000008a900000|100%| E|CS|TAMS 0x000000008a800000, 0x000000008a800000| Complete 
| 101|0x000000008a900000, 0x000000008aa00000, 0x000000008aa00000|100%| E|CS|TAMS 0x000000008a900000, 0x000000008a900000| Complete 
| 102|0x000000008aa00000, 0x000000008ab00000, 0x000000008ab00000|100%| E|CS|TAMS 0x000000008aa00000, 0x000000008aa00000| Complete 
| 103|0x000000008ab00000, 0x000000008ac00000, 0x000000008ac00000|100%| E|CS|TAMS 0x000000008ab00000, 0x000000008ab00000| Complete 
| 104|0x000000008ac00000, 0x000000008ad00000, 0x000000008ad00000|100%| E|CS|TAMS 0x000000008ac00000, 0x000000008ac00000| Complete 
| 105|0x000000008ad00000, 0x000000008ae00000, 0x000000008ae00000|100%| E|CS|TAMS 0x000000008ad00000, 0x000000008ad00000| Complete 
| 106|0x000000008ae00000, 0x000000008af00000, 0x000000008af00000|100%| E|CS|TAMS 0x000000008ae00000, 0x000000008ae00000| Complete 
| 107|0x000000008af00000, 0x000000008b000000, 0x000000008b000000|100%| E|CS|TAMS 0x000000008af00000, 0x000000008af00000| Complete 
| 108|0x000000008b000000, 0x000000008b100000, 0x000000008b100000|100%| E|CS|TAMS 0x000000008b000000, 0x000000008b000000| Complete 
| 109|0x000000008b100000, 0x000000008b200000, 0x000000008b200000|100%| E|CS|TAMS 0x000000008b100000, 0x000000008b100000| Complete 
| 110|0x000000008b200000, 0x000000008b300000, 0x000000008b300000|100%| E|CS|TAMS 0x000000008b200000, 0x000000008b200000| Complete 
| 111|0x000000008b300000, 0x000000008b400000, 0x000000008b400000|100%| E|CS|TAMS 0x000000008b300000, 0x000000008b300000| Complete 
| 112|0x000000008b400000, 0x000000008b500000, 0x000000008b500000|100%| E|CS|TAMS 0x000000008b400000, 0x000000008b400000| Complete 
| 113|0x000000008b500000, 0x000000008b600000, 0x000000008b600000|100%| E|CS|TAMS 0x000000008b500000, 0x000000008b500000| Complete 
| 114|0x000000008b600000, 0x000000008b700000, 0x000000008b700000|100%| E|CS|TAMS 0x000000008b600000, 0x000000008b600000| Complete 
| 115|0x000000008b700000, 0x000000008b800000, 0x000000008b800000|100%| E|CS|TAMS 0x000000008b700000, 0x000000008b700000| Complete 
| 116|0x000000008b800000, 0x000000008b900000, 0x000000008b900000|100%| E|CS|TAMS 0x000000008b800000, 0x000000008b800000| Complete 
| 117|0x000000008b900000, 0x000000008ba00000, 0x000000008ba00000|100%| E|CS|TAMS 0x000000008b900000, 0x000000008b900000| Complete 
| 118|0x000000008ba00000, 0x000000008bb00000, 0x000000008bb00000|100%| E|CS|TAMS 0x000000008ba00000, 0x000000008ba00000| Complete 
| 119|0x000000008bb00000, 0x000000008bc00000, 0x000000008bc00000|100%| E|CS|TAMS 0x000000008bb00000, 0x000000008bb00000| Complete 
| 120|0x000000008bc00000, 0x000000008bd00000, 0x000000008bd00000|100%| E|CS|TAMS 0x000000008bc00000, 0x000000008bc00000| Complete 
| 121|0x000000008bd00000, 0x000000008be00000, 0x000000008be00000|100%| E|CS|TAMS 0x000000008bd00000, 0x000000008bd00000| Complete 
| 122|0x000000008be00000, 0x000000008bf00000, 0x000000008bf00000|100%| E|CS|TAMS 0x000000008be00000, 0x000000008be00000| Complete 
| 123|0x000000008bf00000, 0x000000008c000000, 0x000000008c000000|100%| E|CS|TAMS 0x000000008bf00000, 0x000000008bf00000| Complete 
| 124|0x000000008c000000, 0x000000008c100000, 0x000000008c100000|100%| E|CS|TAMS 0x000000008c000000, 0x000000008c000000| Complete 

Card table byte_map: [0x000001eaecd60000,0x000001eaed140000] _byte_map_base: 0x000001eaec93e000

Marking Bits (Prev, Next): (CMBitMap*) 0x000001ead5c42d90, (CMBitMap*) 0x000001ead5c42d50
 Prev Bits: [0x000001eaef410000, 0x000001eaf1300000)
 Next Bits: [0x000001eaed520000, 0x000001eaef410000)

Polling page: 0x000001ead3bf0000

Metaspace:

Usage:
  Non-class:     73.77 MB used.
      Class:     11.50 MB used.
       Both:     85.26 MB used.

Virtual space:
  Non-class space:       80.00 MB reserved,      74.06 MB ( 93%) committed,  10 nodes.
      Class space:        1.00 GB reserved,      11.81 MB (  1%) committed,  1 nodes.
             Both:        1.08 GB reserved,      85.88 MB (  8%) committed. 

Chunk freelists:
   Non-Class:  1.19 MB
       Class:  233.00 KB
        Both:  1.42 MB

MaxMetaspaceSize: unlimited
CompressedClassSpaceSize: 1.00 GB
Initial GC threshold: 21.00 MB
Current GC threshold: 143.06 MB
CDS: on
MetaspaceReclaimPolicy: balanced
 - commit_granule_bytes: 65536.
 - commit_granule_words: 8192.
 - virtual_space_node_default_size: 1048576.
 - enlarge_chunks_in_place: 1.
 - new_chunks_are_fully_committed: 0.
 - uncommit_free_chunks: 1.
 - use_allocation_guard: 0.
 - handle_deallocations: 1.


Internal statistics:

num_allocs_failed_limit: 9.
num_arena_births: 940.
num_arena_deaths: 0.
num_vsnodes_births: 11.
num_vsnodes_deaths: 0.
num_space_committed: 1374.
num_space_uncommitted: 0.
num_chunks_returned_to_freelist: 9.
num_chunks_taken_from_freelist: 4028.
num_chunk_merges: 9.
num_chunk_splits: 2945.
num_chunks_enlarged: 2308.
num_purges: 0.
num_inconsistent_stats: 0.

CodeHeap 'non-profiled nmethods': size=120000Kb used=8645Kb max_used=8645Kb free=111354Kb
 bounds [0x000001eae4f00000, 0x000001eae5780000, 0x000001eaec430000]
CodeHeap 'profiled nmethods': size=120000Kb used=15195Kb max_used=20315Kb free=104804Kb
 bounds [0x000001eadd9d0000, 0x000001eadedb0000, 0x000001eae4f00000]
CodeHeap 'non-nmethods': size=5760Kb used=1413Kb max_used=1488Kb free=4346Kb
 bounds [0x000001eadd430000, 0x000001eadd6a0000, 0x000001eadd9d0000]
 total_blobs=9897 nmethods=9158 adapters=650
 compilation: enabled
              stopped_count=0, restarted_count=0
 full_count=0

Compilation events (20 events):
Event: 772.221 Thread 0x000001eaf3f65480 nmethod 11442 0x000001eae576a610 code [0x000001eae576a7e0, 0x000001eae576aea8]
Event: 772.247 Thread 0x000001eaf3f65480 11443       4       java.time.format.DateTimeFormatterBuilder$FractionPrinterParser::convertToFraction (97 bytes)
Event: 772.265 Thread 0x000001eaf3f65480 nmethod 11443 0x000001eae576b410 code [0x000001eae576b6e0, 0x000001eae576d090]
Event: 772.265 Thread 0x000001eaf3f65480 11444       4       java.math.BigDecimal::add (113 bytes)
Event: 772.267 Thread 0x000001eaf3f65480 nmethod 11444 0x000001eae576e290 code [0x000001eae576e440, 0x000001eae576e788]
Event: 772.539 Thread 0x000001eaf3f86270 11445       3       java.util.concurrent.ConcurrentHashMap::sumCount (60 bytes)
Event: 772.539 Thread 0x000001eaf3f86270 nmethod 11445 0x000001eadda1e890 code [0x000001eadda1ea40, 0x000001eadda1ec98]
Event: 772.585 Thread 0x000001eaf3f86270 11446       3       java.util.Calendar::getDisplayName (165 bytes)
Event: 772.586 Thread 0x000001eaf3f86270 nmethod 11446 0x000001eaddb4af10 code [0x000001eaddb4b1c0, 0x000001eaddb4c0d8]
Event: 772.751 Thread 0x000001eaf3f65480 11447       4       com.fasterxml.jackson.databind.util.LRUMap::get (9 bytes)
Event: 772.765 Thread 0x000001eaf3f65480 nmethod 11447 0x000001eae576ea10 code [0x000001eae576ec40, 0x000001eae576f968]
Event: 772.835 Thread 0x000001eaf3f65480 11448       4       com.fasterxml.jackson.databind.type.TypeBindings::isEmpty (14 bytes)
Event: 772.835 Thread 0x000001eaf3f65480 nmethod 11448 0x000001eae5770510 code [0x000001eae5770680, 0x000001eae5770738]
Event: 772.863 Thread 0x000001eaf3f65480 11449       4       com.fasterxml.jackson.databind.type.TypeFactory::_fromClass (328 bytes)
Event: 772.864 Thread 0x000001eaf3f65480 nmethod 11449 0x000001eae5770810 code [0x000001eae57709c0, 0x000001eae5770c08]
Event: 773.005 Thread 0x000001eaf3f65480 11450       4       java.time.Instant::isSupported (61 bytes)
Event: 773.006 Thread 0x000001eaf3f65480 nmethod 11450 0x000001eae5770f10 code [0x000001eae57710a0, 0x000001eae5771178]
Event: 773.008 Thread 0x000001eaf3f65480 11451       4       java.time.ZoneId::equals (39 bytes)
Event: 773.009 Thread 0x000001eaf3f65480 nmethod 11451 0x000001eae5771290 code [0x000001eae5771400, 0x000001eae57714d8]
Event: 773.009 Thread 0x000001eaf3f65480 11452       4       java.time.format.DateTimeFormatterBuilder$FractionPrinterParser::format (173 bytes)

GC Heap History (20 events):
Event: 754.417 GC heap before
{Heap before GC invocations=37 (full 0):
 garbage-first heap   total 128000K, used 112573K [0x0000000084400000, 0x0000000100000000)
  region size 1024K, 66 young (67584K), 1 survivors (1024K)
 Metaspace       used 87298K, committed 87936K, reserved 1130496K
  class space    used 11769K, committed 12096K, reserved 1048576K
}
Event: 754.419 GC heap after
{Heap after GC invocations=38 (full 0):
 garbage-first heap   total 128000K, used 46021K [0x0000000084400000, 0x0000000100000000)
  region size 1024K, 1 young (1024K), 1 survivors (1024K)
 Metaspace       used 87298K, committed 87936K, reserved 1130496K
  class space    used 11769K, committed 12096K, reserved 1048576K
}
Event: 756.233 GC heap before
{Heap before GC invocations=38 (full 0):
 garbage-first heap   total 128000K, used 112581K [0x0000000084400000, 0x0000000100000000)
  region size 1024K, 66 young (67584K), 1 survivors (1024K)
 Metaspace       used 87301K, committed 87936K, reserved 1130496K
  class space    used 11770K, committed 12096K, reserved 1048576K
}
Event: 756.234 GC heap after
{Heap after GC invocations=39 (full 0):
 garbage-first heap   total 128000K, used 46062K [0x0000000084400000, 0x0000000100000000)
  region size 1024K, 1 young (1024K), 1 survivors (1024K)
 Metaspace       used 87301K, committed 87936K, reserved 1130496K
  class space    used 11770K, committed 12096K, reserved 1048576K
}
Event: 758.671 GC heap before
{Heap before GC invocations=39 (full 0):
 garbage-first heap   total 128000K, used 112622K [0x0000000084400000, 0x0000000100000000)
  region size 1024K, 66 young (67584K), 1 survivors (1024K)
 Metaspace       used 87301K, committed 87936K, reserved 1130496K
  class space    used 11770K, committed 12096K, reserved 1048576K
}
Event: 758.672 GC heap after
{Heap after GC invocations=40 (full 0):
 garbage-first heap   total 128000K, used 46085K [0x0000000084400000, 0x0000000100000000)
  region size 1024K, 1 young (1024K), 1 survivors (1024K)
 Metaspace       used 87301K, committed 87936K, reserved 1130496K
  class space    used 11770K, committed 12096K, reserved 1048576K
}
Event: 761.046 GC heap before
{Heap before GC invocations=40 (full 0):
 garbage-first heap   total 128000K, used 112645K [0x0000000084400000, 0x0000000100000000)
  region size 1024K, 66 young (67584K), 1 survivors (1024K)
 Metaspace       used 87302K, committed 87936K, reserved 1130496K
  class space    used 11770K, committed 12096K, reserved 1048576K
}
Event: 761.047 GC heap after
{Heap after GC invocations=41 (full 0):
 garbage-first heap   total 128000K, used 46087K [0x0000000084400000, 0x0000000100000000)
  region size 1024K, 1 young (1024K), 1 survivors (1024K)
 Metaspace       used 87302K, committed 87936K, reserved 1130496K
  class space    used 11770K, committed 12096K, reserved 1048576K
}
Event: 763.081 GC heap before
{Heap before GC invocations=41 (full 0):
 garbage-first heap   total 128000K, used 112647K [0x0000000084400000, 0x0000000100000000)
  region size 1024K, 66 young (67584K), 1 survivors (1024K)
 Metaspace       used 87302K, committed 87936K, reserved 1130496K
  class space    used 11770K, committed 12096K, reserved 1048576K
}
Event: 763.082 GC heap after
{Heap after GC invocations=42 (full 0):
 garbage-first heap   total 128000K, used 46111K [0x0000000084400000, 0x0000000100000000)
  region size 1024K, 1 young (1024K), 1 survivors (1024K)
 Metaspace       used 87302K, committed 87936K, reserved 1130496K
  class space    used 11770K, committed 12096K, reserved 1048576K
}
Event: 765.519 GC heap before
{Heap before GC invocations=42 (full 0):
 garbage-first heap   total 128000K, used 112671K [0x0000000084400000, 0x0000000100000000)
  region size 1024K, 66 young (67584K), 1 survivors (1024K)
 Metaspace       used 87303K, committed 87936K, reserved 1130496K
  class space    used 11771K, committed 12096K, reserved 1048576K
}
Event: 765.524 GC heap after
{Heap after GC invocations=43 (full 0):
 garbage-first heap   total 128000K, used 46102K [0x0000000084400000, 0x0000000100000000)
  region size 1024K, 1 young (1024K), 1 survivors (1024K)
 Metaspace       used 87303K, committed 87936K, reserved 1130496K
  class space    used 11771K, committed 12096K, reserved 1048576K
}
Event: 767.572 GC heap before
{Heap before GC invocations=43 (full 0):
 garbage-first heap   total 128000K, used 112662K [0x0000000084400000, 0x0000000100000000)
  region size 1024K, 66 young (67584K), 1 survivors (1024K)
 Metaspace       used 87303K, committed 87936K, reserved 1130496K
  class space    used 11771K, committed 12096K, reserved 1048576K
}
Event: 767.573 GC heap after
{Heap after GC invocations=44 (full 0):
 garbage-first heap   total 128000K, used 46114K [0x0000000084400000, 0x0000000100000000)
  region size 1024K, 1 young (1024K), 1 survivors (1024K)
 Metaspace       used 87303K, committed 87936K, reserved 1130496K
  class space    used 11771K, committed 12096K, reserved 1048576K
}
Event: 769.542 GC heap before
{Heap before GC invocations=44 (full 0):
 garbage-first heap   total 128000K, used 112674K [0x0000000084400000, 0x0000000100000000)
  region size 1024K, 66 young (67584K), 1 survivors (1024K)
 Metaspace       used 87303K, committed 87936K, reserved 1130496K
  class space    used 11771K, committed 12096K, reserved 1048576K
}
Event: 769.542 GC heap after
{Heap after GC invocations=45 (full 0):
 garbage-first heap   total 128000K, used 46116K [0x0000000084400000, 0x0000000100000000)
  region size 1024K, 1 young (1024K), 1 survivors (1024K)
 Metaspace       used 87303K, committed 87936K, reserved 1130496K
  class space    used 11771K, committed 12096K, reserved 1048576K
}
Event: 771.158 GC heap before
{Heap before GC invocations=45 (full 0):
 garbage-first heap   total 128000K, used 112676K [0x0000000084400000, 0x0000000100000000)
  region size 1024K, 66 young (67584K), 1 survivors (1024K)
 Metaspace       used 87303K, committed 87936K, reserved 1130496K
  class space    used 11771K, committed 12096K, reserved 1048576K
}
Event: 771.159 GC heap after
{Heap after GC invocations=46 (full 0):
 garbage-first heap   total 128000K, used 46131K [0x0000000084400000, 0x0000000100000000)
  region size 1024K, 1 young (1024K), 1 survivors (1024K)
 Metaspace       used 87303K, committed 87936K, reserved 1130496K
  class space    used 11771K, committed 12096K, reserved 1048576K
}
Event: 772.506 GC heap before
{Heap before GC invocations=46 (full 0):
 garbage-first heap   total 128000K, used 112691K [0x0000000084400000, 0x0000000100000000)
  region size 1024K, 66 young (67584K), 1 survivors (1024K)
 Metaspace       used 87303K, committed 87936K, reserved 1130496K
  class space    used 11771K, committed 12096K, reserved 1048576K
}
Event: 772.508 GC heap after
{Heap after GC invocations=47 (full 0):
 garbage-first heap   total 128000K, used 46228K [0x0000000084400000, 0x0000000100000000)
  region size 1024K, 1 young (1024K), 1 survivors (1024K)
 Metaspace       used 87303K, committed 87936K, reserved 1130496K
  class space    used 11771K, committed 12096K, reserved 1048576K
}

Deoptimization events (20 events):
Event: 762.510 Thread 0x000001eaf9fc7580 Uncommon trap: trap_request=0xffffffde fr.pc=0x000001eae56a9684 relative=0x0000000000000c24
Event: 762.511 Thread 0x000001eaf9fc7580 Uncommon trap: reason=class_check action=maybe_recompile pc=0x000001eae56a9684 method=com.fasterxml.jackson.databind.util.internal.PrivateMaxEntriesMap.drainOnReadIfNeeded(IJ)V @ 35 c2
Event: 762.511 Thread 0x000001eaf9fc7580 DEOPT PACKING pc=0x000001eae56a9684 sp=0x000000e3e57fc5e0
Event: 762.511 Thread 0x000001eaf9fc7580 DEOPT UNPACKING pc=0x000001eadd485c23 sp=0x000000e3e57fc3c0 mode 2
Event: 765.627 Thread 0x000001eaf9fc58a0 Uncommon trap: trap_request=0xffffff45 fr.pc=0x000001eae54aa8ec relative=0x00000000000008ac
Event: 765.627 Thread 0x000001eaf9fc58a0 Uncommon trap: reason=unstable_if action=reinterpret pc=0x000001eae54aa8ec method=java.util.concurrent.ConcurrentHashMap.addCount(JI)V @ 110 c2
Event: 765.627 Thread 0x000001eaf9fc58a0 DEOPT PACKING pc=0x000001eae54aa8ec sp=0x000000e3e5fff2d0
Event: 765.627 Thread 0x000001eaf9fc58a0 DEOPT UNPACKING pc=0x000001eadd485c23 sp=0x000000e3e5fff1b8 mode 2
Event: 765.627 Thread 0x000001eaf9fc58a0 Uncommon trap: trap_request=0xffffff45 fr.pc=0x000001eae50fcfe0 relative=0x0000000000000060
Event: 765.627 Thread 0x000001eaf9fc58a0 Uncommon trap: reason=unstable_if action=reinterpret pc=0x000001eae50fcfe0 method=java.util.concurrent.ConcurrentHashMap.sumCount()J @ 11 c2
Event: 765.627 Thread 0x000001eaf9fc58a0 DEOPT PACKING pc=0x000001eae50fcfe0 sp=0x000000e3e5fff1b0
Event: 765.627 Thread 0x000001eaf9fc58a0 DEOPT UNPACKING pc=0x000001eadd485c23 sp=0x000000e3e5fff118 mode 2
Event: 772.370 Thread 0x000001eaf9340880 Uncommon trap: trap_request=0xffffffde fr.pc=0x000001eae56a9684 relative=0x0000000000000c24
Event: 772.370 Thread 0x000001eaf9340880 Uncommon trap: reason=class_check action=maybe_recompile pc=0x000001eae56a9684 method=com.fasterxml.jackson.databind.util.internal.PrivateMaxEntriesMap.drainOnReadIfNeeded(IJ)V @ 35 c2
Event: 772.370 Thread 0x000001eaf9340880 DEOPT PACKING pc=0x000001eae56a9684 sp=0x000000e3e54fcea0
Event: 772.370 Thread 0x000001eaf9340880 DEOPT UNPACKING pc=0x000001eadd485c23 sp=0x000000e3e54fcc80 mode 2
Event: 772.635 Thread 0x000001eaf9fc1a10 Uncommon trap: trap_request=0xffffffde fr.pc=0x000001eae56a9684 relative=0x0000000000000c24
Event: 772.635 Thread 0x000001eaf9fc1a10 Uncommon trap: reason=class_check action=maybe_recompile pc=0x000001eae56a9684 method=com.fasterxml.jackson.databind.util.internal.PrivateMaxEntriesMap.drainOnReadIfNeeded(IJ)V @ 35 c2
Event: 772.635 Thread 0x000001eaf9fc1a10 DEOPT PACKING pc=0x000001eae56a9684 sp=0x000000e3e5cfcd70
Event: 772.635 Thread 0x000001eaf9fc1a10 DEOPT UNPACKING pc=0x000001eadd485c23 sp=0x000000e3e5cfcb50 mode 2

Classes unloaded (0 events):
No events

Classes redefined (0 events):
No events

Internal exceptions (20 events):
Event: 9.814 Thread 0x000001ead5c03a60 Exception <a 'java/lang/NoSuchMethodError'{0x00000000886d9498}: 'void java.lang.invoke.DelegatingMethodHandle$Holder.reinvoke_L(java.lang.Object, java.lang.Object, int)'> (0x00000000886d9498) 
thrown [t:\workspace\open\src\hotspot\share\interpreter\linkResolver.cpp, line 766]
Event: 9.815 Thread 0x000001ead5c03a60 Exception <a 'java/lang/NoSuchMethodError'{0x00000000886e7168}: 'java.lang.Object java.lang.invoke.Invokers$Holder.invokeExact_MT(java.lang.Object, java.lang.Object, java.lang.Object, java.lang.Object)'> (0x00000000886e7168) 
thrown [t:\workspace\open\src\hotspot\share\interpreter\linkResolver.cpp, line 766]
Event: 9.863 Thread 0x000001ead5c03a60 Exception <a 'java/lang/reflect/InvocationTargetException'{0x0000000088303150}> (0x0000000088303150) 
thrown [t:\workspace\open\src\hotspot\share\runtime\reflection.cpp, line 1121]
Event: 9.920 Thread 0x000001ead5c03a60 Exception <a 'sun/nio/fs/WindowsException'{0x00000000880808b0}> (0x00000000880808b0) 
thrown [t:\workspace\open\src\hotspot\share\prims\jni.cpp, line 516]
Event: 10.629 Thread 0x000001ead5c03a60 Exception <a 'java/lang/IncompatibleClassChangeError'{0x0000000088cef460}: Found class java.lang.Object, but interface was expected> (0x0000000088cef460) 
thrown [t:\workspace\open\src\hotspot\share\interpreter\linkResolver.cpp, line 833]
Event: 10.941 Thread 0x000001ead5c03a60 Exception <a 'java/lang/IncompatibleClassChangeError'{0x000000008a63b468}: Found class java.lang.Object, but interface was expected> (0x000000008a63b468) 
thrown [t:\workspace\open\src\hotspot\share\interpreter\linkResolver.cpp, line 833]
Event: 11.070 Thread 0x000001ead5c03a60 Exception <a 'java/lang/NoSuchMethodError'{0x00000000899a9c08}: 'java.lang.Object java.lang.invoke.DirectMethodHandle$Holder.newInvokeSpecial(java.lang.Object, java.lang.Object, int, java.lang.Object, java.lang.Object)'> (0x00000000899a9c08) 
thrown [t:\workspace\open\src\hotspot\share\interpreter\linkResolver.cpp, line 766]
Event: 23.082 Thread 0x000001eaf9fc1540 Exception <a 'java/lang/NoSuchMethodError'{0x0000000089472870}: 'java.lang.Object java.lang.invoke.DirectMethodHandle$Holder.invokeSpecial(java.lang.Object, java.lang.Object, java.lang.Object, java.lang.Object, java.lang.Object, long)'> (0x0000000089472870) 
thrown [t:\workspace\open\src\hotspot\share\interpreter\linkResolver.cpp, line 766]
Event: 23.082 Thread 0x000001eaf9fc1540 Exception <a 'java/lang/NoSuchMethodError'{0x00000000894762b0}: 'java.lang.Object java.lang.invoke.Invokers$Holder.linkToTargetMethod(java.lang.Object, java.lang.Object, java.lang.Object, long, java.lang.Object)'> (0x00000000894762b0) 
thrown [t:\workspace\open\src\hotspot\share\interpreter\linkResolver.cpp, line 766]
Event: 33.534 Thread 0x000001eaf9fc1a10 Exception <a 'java/lang/NoSuchMethodError'{0x0000000088bb5920}: 'void java.lang.invoke.DirectMethodHandle$Holder.invokeSpecialIFC(java.lang.Object, java.lang.Object, int, java.lang.Object, java.lang.Object, java.lang.Object, java.lang.Object)'> (0x0000000088bb5920) 
thrown [t:\workspace\open\src\hotspot\share\interpreter\linkResolver.cpp, line 766]
Event: 34.175 Thread 0x000001eaf9fc1070 Exception <a 'java/io/FileNotFoundException'{0x00000000886f30e8}> (0x00000000886f30e8) 
thrown [t:\workspace\open\src\hotspot\share\prims\jni.cpp, line 516]
Event: 34.281 Thread 0x000001eaf9fc1070 Exception <a 'java/io/FileNotFoundException'{0x00000000885f8680}> (0x00000000885f8680) 
thrown [t:\workspace\open\src\hotspot\share\prims\jni.cpp, line 516]
Event: 34.282 Thread 0x000001eaf9fc1070 Exception <a 'java/io/FileNotFoundException'{0x00000000885f96e8}> (0x00000000885f96e8) 
thrown [t:\workspace\open\src\hotspot\share\prims\jni.cpp, line 516]
Event: 34.441 Thread 0x000001eaf9fc1070 Implicit null exception at 0x000001eae4f2ccf2 to 0x000001eae4f2d330
Event: 71.078 Thread 0x000001eaf93403b0 Exception <a 'java/lang/NoSuchMethodError'{0x0000000089c07bd0}: 'java.lang.Object java.lang.invoke.DirectMethodHandle$Holder.invokeSpecial(java.lang.Object, java.lang.Object, long, int, int, int, int, int, int, int, int, int)'> (0x0000000089c07bd0) 
thrown [t:\workspace\open\src\hotspot\share\interpreter\linkResolver.cpp, line 766]
Event: 71.078 Thread 0x000001eaf93403b0 Exception <a 'java/lang/NoSuchMethodError'{0x0000000089c0b820}: 'java.lang.Object java.lang.invoke.DelegatingMethodHandle$Holder.reinvoke_L(java.lang.Object, long, int, int, int, int, int, int, int, int, int)'> (0x0000000089c0b820) 
thrown [t:\workspace\open\src\hotspot\share\interpreter\linkResolver.cpp, line 766]
Event: 757.176 Thread 0x000001eaf9fc23b0 Implicit null exception at 0x000001eae569e522 to 0x000001eae569ebd8
Event: 757.180 Thread 0x000001eaf9fc1a10 Implicit null exception at 0x000001eae569e522 to 0x000001eae569ebd8
Event: 757.182 Thread 0x000001eaf9340880 Implicit null exception at 0x000001eae569e522 to 0x000001eae569ebd8
Event: 757.186 Thread 0x000001eaf9fc1070 Implicit null exception at 0x000001eae569e522 to 0x000001eae569ebd8

VM Operations (20 events):
Event: 761.045 Executing VM operation: G1CollectForAllocation
Event: 761.047 Executing VM operation: G1CollectForAllocation done
Event: 763.053 Executing VM operation: Cleanup
Event: 763.053 Executing VM operation: Cleanup done
Event: 763.081 Executing VM operation: G1CollectForAllocation
Event: 763.082 Executing VM operation: G1CollectForAllocation done
Event: 765.072 Executing VM operation: Cleanup
Event: 765.073 Executing VM operation: Cleanup done
Event: 765.519 Executing VM operation: G1CollectForAllocation
Event: 765.524 Executing VM operation: G1CollectForAllocation done
Event: 766.529 Executing VM operation: Cleanup
Event: 766.530 Executing VM operation: Cleanup done
Event: 767.572 Executing VM operation: G1CollectForAllocation
Event: 767.573 Executing VM operation: G1CollectForAllocation done
Event: 769.541 Executing VM operation: G1CollectForAllocation
Event: 769.542 Executing VM operation: G1CollectForAllocation done
Event: 771.158 Executing VM operation: G1CollectForAllocation
Event: 771.159 Executing VM operation: G1CollectForAllocation done
Event: 772.506 Executing VM operation: G1CollectForAllocation
Event: 772.508 Executing VM operation: G1CollectForAllocation done

Events (20 events):
Event: 760.991 Thread 0x000001eaf3f86780 flushing nmethod 0x000001eaded33f10
Event: 760.991 Thread 0x000001eaf3f86780 flushing nmethod 0x000001eaded35410
Event: 760.991 Thread 0x000001eaf3f86780 flushing nmethod 0x000001eaded3a210
Event: 760.991 Thread 0x000001eaf3f86780 flushing nmethod 0x000001eaded44990
Event: 760.991 Thread 0x000001eaf3f86780 flushing nmethod 0x000001eaded45e90
Event: 760.991 Thread 0x000001eaf3f86780 flushing nmethod 0x000001eaded49f90
Event: 760.991 Thread 0x000001eaf3f86780 flushing nmethod 0x000001eaded4cc10
Event: 760.991 Thread 0x000001eaf3f86780 flushing nmethod 0x000001eaded56010
Event: 760.991 Thread 0x000001eaf3f86780 flushing nmethod 0x000001eaded5e110
Event: 760.992 Thread 0x000001eaf3f86780 flushing nmethod 0x000001eaded64a90
Event: 760.992 Thread 0x000001eaf3f86780 flushing nmethod 0x000001eaded65410
Event: 760.992 Thread 0x000001eaf3f86780 flushing nmethod 0x000001eaded6f290
Event: 760.992 Thread 0x000001eaf3f86780 flushing nmethod 0x000001eaded7dc10
Event: 760.992 Thread 0x000001eaf3f86780 flushing nmethod 0x000001eaded84110
Event: 760.992 Thread 0x000001eaf3f86780 flushing nmethod 0x000001eaded84710
Event: 760.992 Thread 0x000001eaf3f86780 flushing nmethod 0x000001eaded9d690
Event: 760.992 Thread 0x000001eaf3f86780 flushing nmethod 0x000001eadeda4710
Event: 760.992 Thread 0x000001eaf3f86780 flushing nmethod 0x000001eadeda4d10
Event: 763.312 Thread 0x000001eafa2ff920 Thread added: 0x000001eafa2ff920
Event: 763.946 Thread 0x000001eafa2ff920 Thread exited: 0x000001eafa2ff920


Dynamic libraries:
0x00007ff763980000 - 0x00007ff763990000 	C:\Program Files\Java\jdk-17.0.2\bin\java.exe
0x00007ff93f290000 - 0x00007ff93f4a7000 	C:\Windows\SYSTEM32\ntdll.dll
0x00007ff93db70000 - 0x00007ff93dc34000 	C:\Windows\System32\KERNEL32.DLL
0x00007ff93cab0000 - 0x00007ff93ce5d000 	C:\Windows\System32\KERNELBASE.dll
0x00007ff93c910000 - 0x00007ff93ca21000 	C:\Windows\System32\ucrtbase.dll
0x00007ff934550000 - 0x00007ff93456a000 	C:\Program Files\Java\jdk-17.0.2\bin\VCRUNTIME140.dll
0x00007ff935170000 - 0x00007ff935188000 	C:\Program Files\Java\jdk-17.0.2\bin\jli.dll
0x00007ff93cfd0000 - 0x00007ff93d082000 	C:\Windows\System32\ADVAPI32.dll
0x00007ff93e940000 - 0x00007ff93e9e7000 	C:\Windows\System32\msvcrt.dll
0x00007ff93eff0000 - 0x00007ff93f099000 	C:\Windows\System32\sechost.dll
0x00007ff93c5c0000 - 0x00007ff93c5e8000 	C:\Windows\System32\bcrypt.dll
0x00007ff93e820000 - 0x00007ff93e934000 	C:\Windows\System32\RPCRT4.dll
0x00007ff93d5e0000 - 0x00007ff93d78e000 	C:\Windows\System32\USER32.dll
0x00007ff93c720000 - 0x00007ff93c746000 	C:\Windows\System32\win32u.dll
0x00007ff920e70000 - 0x00007ff921103000 	C:\Windows\WinSxS\amd64_microsoft.windows.common-controls_6595b64144ccf1df_6.0.22621.3672_none_2713b9d173822955\COMCTL32.dll
0x00007ff93d190000 - 0x00007ff93d1b9000 	C:\Windows\System32\GDI32.dll
0x00007ff93c750000 - 0x00007ff93c869000 	C:\Windows\System32\gdi32full.dll
0x00007ff93c870000 - 0x00007ff93c90a000 	C:\Windows\System32\msvcp_win.dll
0x00007ff9352a0000 - 0x00007ff9352aa000 	C:\Windows\SYSTEM32\VERSION.dll
0x00007ff93d890000 - 0x00007ff93d8c1000 	C:\Windows\System32\IMM32.DLL
0x00007ff935e40000 - 0x00007ff935e4c000 	C:\Program Files\Java\jdk-17.0.2\bin\vcruntime140_1.dll
0x00007ff92a4f0000 - 0x00007ff92a57d000 	C:\Program Files\Java\jdk-17.0.2\bin\msvcp140.dll
0x00007ff8dfd50000 - 0x00007ff8e0911000 	C:\Program Files\Java\jdk-17.0.2\bin\server\jvm.dll
0x00007ff93d880000 - 0x00007ff93d888000 	C:\Windows\System32\PSAPI.DLL
0x00007ff91ee70000 - 0x00007ff91ee79000 	C:\Windows\SYSTEM32\WSOCK32.dll
0x00007ff935260000 - 0x00007ff935294000 	C:\Windows\SYSTEM32\WINMM.dll
0x00007ff93daf0000 - 0x00007ff93db61000 	C:\Windows\System32\WS2_32.dll
0x00007ff93b6e0000 - 0x00007ff93b6f8000 	C:\Windows\SYSTEM32\kernel.appcore.dll
0x00007ff935e00000 - 0x00007ff935e0a000 	C:\Program Files\Java\jdk-17.0.2\bin\jimage.dll
0x00007ff939e30000 - 0x00007ff93a062000 	C:\Windows\SYSTEM32\DBGHELP.DLL
0x00007ff93d250000 - 0x00007ff93d5d8000 	C:\Windows\System32\combase.dll
0x00007ff93d790000 - 0x00007ff93d867000 	C:\Windows\System32\OLEAUT32.dll
0x00007ff931b20000 - 0x00007ff931b52000 	C:\Windows\SYSTEM32\dbgcore.DLL
0x00007ff93ca30000 - 0x00007ff93caab000 	C:\Windows\System32\bcryptPrimitives.dll
0x00007ff9351f0000 - 0x00007ff9351fe000 	C:\Program Files\Java\jdk-17.0.2\bin\instrument.dll
0x00007ff92e710000 - 0x00007ff92e735000 	C:\Program Files\Java\jdk-17.0.2\bin\java.dll
0x00007ff916da0000 - 0x00007ff916e76000 	C:\Program Files\Java\jdk-17.0.2\bin\jsvml.dll
0x00007ff93dc50000 - 0x00007ff93e4af000 	C:\Windows\System32\SHELL32.dll
0x00007ff93a520000 - 0x00007ff93ae1c000 	C:\Windows\SYSTEM32\windows.storage.dll
0x00007ff93a3e0000 - 0x00007ff93a51f000 	C:\Windows\SYSTEM32\wintypes.dll
0x00007ff93f150000 - 0x00007ff93f244000 	C:\Windows\System32\SHCORE.dll
0x00007ff93ee70000 - 0x00007ff93eece000 	C:\Windows\System32\shlwapi.dll
0x00007ff93c4f0000 - 0x00007ff93c511000 	C:\Windows\SYSTEM32\profapi.dll
0x00007ff92e1b0000 - 0x00007ff92e1c8000 	C:\Program Files\Java\jdk-17.0.2\bin\zip.dll
0x00007ff932710000 - 0x00007ff932729000 	C:\Program Files\Java\jdk-17.0.2\bin\net.dll
0x00007ff936590000 - 0x00007ff9366c6000 	C:\Windows\SYSTEM32\WINHTTP.dll
0x00007ff93bb50000 - 0x00007ff93bbb9000 	C:\Windows\system32\mswsock.dll
0x00007ff92e1d0000 - 0x00007ff92e1e6000 	C:\Program Files\Java\jdk-17.0.2\bin\nio.dll
0x00007ff92dea0000 - 0x00007ff92deba000 	C:\Program Files\JetBrains\IntelliJ IDEA Community Edition 2024.1.4\bin\breakgen64.dll
0x00007ff92f800000 - 0x00007ff92f80e000 	C:\Program Files\Java\jdk-17.0.2\bin\sunmscapi.dll
0x00007ff93ce60000 - 0x00007ff93cfc7000 	C:\Windows\System32\CRYPT32.dll
0x00007ff93bf50000 - 0x00007ff93bf7e000 	C:\Windows\SYSTEM32\ncrypt.dll
0x00007ff93bf10000 - 0x00007ff93bf47000 	C:\Windows\SYSTEM32\NTASN1.dll
0x00007ff93bdb0000 - 0x00007ff93bdcb000 	C:\Windows\SYSTEM32\CRYPTSP.dll
0x00007ff93b640000 - 0x00007ff93b675000 	C:\Windows\system32\rsaenh.dll
0x00007ff93bc50000 - 0x00007ff93bc78000 	C:\Windows\SYSTEM32\USERENV.dll
0x00007ff93bdd0000 - 0x00007ff93bddc000 	C:\Windows\SYSTEM32\CRYPTBASE.dll
0x00007ff93b130000 - 0x00007ff93b15d000 	C:\Windows\SYSTEM32\IPHLPAPI.DLL
0x00007ff93da90000 - 0x00007ff93da99000 	C:\Windows\System32\NSI.dll
0x00007ff936420000 - 0x00007ff936439000 	C:\Windows\SYSTEM32\dhcpcsvc6.DLL
0x00007ff936400000 - 0x00007ff93641f000 	C:\Windows\SYSTEM32\dhcpcsvc.DLL
0x00007ff93b1b0000 - 0x00007ff93b2a8000 	C:\Windows\SYSTEM32\DNSAPI.dll
0x00007ff935160000 - 0x00007ff935169000 	C:\Program Files\Java\jdk-17.0.2\bin\management.dll
0x00007ff934ea0000 - 0x00007ff934eab000 	C:\Program Files\Java\jdk-17.0.2\bin\management_ext.dll
0x00007ff92e480000 - 0x00007ff92e490000 	C:\Program Files\Java\jdk-17.0.2\bin\verify.dll
0x0000000057c70000 - 0x0000000057c96000 	C:\Program Files\Bonjour\mdnsNSP.dll
0x00007ff9352d0000 - 0x00007ff9352da000 	C:\Windows\System32\rasadhlp.dll
0x00007ff9354e0000 - 0x00007ff935563000 	C:\Windows\System32\fwpuclnt.dll
0x00007ff9228e0000 - 0x00007ff9228e8000 	C:\Windows\system32\wshunix.dll
0x00007ff90e6c0000 - 0x00007ff90e6d7000 	C:\Windows\system32\napinsp.dll
0x00007ff90e6a0000 - 0x00007ff90e6bb000 	C:\Windows\system32\pnrpnsp.dll
0x00007ff90e680000 - 0x00007ff90e691000 	C:\Windows\System32\winrnr.dll
0x00007ff90e660000 - 0x00007ff90e675000 	C:\Windows\system32\wshbth.dll
0x00007ff90c980000 - 0x00007ff90c9a7000 	C:\Windows\system32\nlansp_c.dll

dbghelp: loaded successfully - version: 4.0.5 - missing functions: none
symbol engine: initialized successfully - sym options: 0x614 - pdb path: .;C:\Program Files\Java\jdk-17.0.2\bin;C:\Windows\SYSTEM32;C:\Windows\WinSxS\amd64_microsoft.windows.common-controls_6595b64144ccf1df_6.0.22621.3672_none_2713b9d173822955;C:\Program Files\Java\jdk-17.0.2\bin\server;C:\Program Files\JetBrains\IntelliJ IDEA Community Edition 2024.1.4\bin;C:\Program Files\Bonjour

VM Arguments:
jvm_args: -javaagent:C:\Program Files\JetBrains\IntelliJ IDEA Community Edition 2024.1.4\lib\idea_rt.jar=56839:C:\Program Files\JetBrains\IntelliJ IDEA Community Edition 2024.1.4\bin -Dfile.encoding=UTF-8 
java_command: com.echo.acknowledgehub.AcknowledgehubApplication
java_class_path (initial): C:\OJT-14\Final Project\AcknowledgeHub\target\classes;C:\Users\ZZO\.m2\repository\org\modelmapper\modelmapper\3.1.1\modelmapper-3.1.1.jar;C:\Users\ZZO\.m2\repository\org\apache\poi\poi\5.2.3\poi-5.2.3.jar;C:\Users\ZZO\.m2\repository\commons-codec\commons-codec\1.16.1\commons-codec-1.16.1.jar;C:\Users\ZZO\.m2\repository\org\apache\commons\commons-math3\3.6.1\commons-math3-3.6.1.jar;C:\Users\ZZO\.m2\repository\commons-io\commons-io\2.11.0\commons-io-2.11.0.jar;C:\Users\ZZO\.m2\repository\com\zaxxer\SparseBitSet\1.2\SparseBitSet-1.2.jar;C:\Users\ZZO\.m2\repository\org\apache\logging\log4j\log4j-api\2.23.1\log4j-api-2.23.1.jar;C:\Users\ZZO\.m2\repository\org\apache\poi\poi-ooxml\5.2.3\poi-ooxml-5.2.3.jar;C:\Users\ZZO\.m2\repository\org\apache\poi\poi-ooxml-lite\5.2.3\poi-ooxml-lite-5.2.3.jar;C:\Users\ZZO\.m2\repository\org\apache\commons\commons-compress\1.21\commons-compress-1.21.jar;C:\Users\ZZO\.m2\repository\com\github\virtuald\curvesapi\1.07\curvesapi-1.07.jar;C:\Users\ZZO\.m2\repository\org\apache\poi\poi-ooxml-schemas\4.1.2\poi-ooxml-schemas-4.1.2.jar;C:\Users\ZZO\.m2\repository\org\apache\xmlbeans\xmlbeans\5.1.1\xmlbeans-5.1.1.jar;C:\Users\ZZO\.m2\repository\org\apache\commons\commons-collections4\4.4\commons-collections4-4.4.jar;C:\Users\ZZO\.m2\repository\jakarta\activation\jakarta.activation-api\2.1.3\jakarta.activation-api-2.1.3.jar;C:\Users\ZZO\.m2\repository\com\sun\mail\javax.mail\1.6.2\javax.mail-1.6.2.jar;C:\Users\ZZO\.m2\repository\org\springframework\boot\spring-boot-starter-security\3.3.2\spring-boot-starter-security-3.3.2.jar;C:\Users\ZZO\.m2\repository\org\springframework\boot\spring-boot-starter\3.3.2\spring-boot-starter-3.3.2.jar;C:\Users\ZZO\.m2\repository\org\springframework\boot\spring-boot\3.3.2\spring-boot-3.3.2.jar;C:\Users\ZZO\.m2\repository\org\springframework\boot\spring-boot-autoconfigure\3.3.2\spring-boot-autoconfigure-3.3.2.jar;C:\Users\ZZO\.m2\repository\org\springframework\boot\spring-boot-starter-loggin
Launcher Type: SUN_STANDARD

[Global flags]
     intx CICompilerCount                          = 4                                         {product} {ergonomic}
     uint ConcGCThreads                            = 3                                         {product} {ergonomic}
     uint G1ConcRefinementThreads                  = 10                                        {product} {ergonomic}
   size_t G1HeapRegionSize                         = 1048576                                   {product} {ergonomic}
    uintx GCDrainStackTargetSize                   = 64                                        {product} {ergonomic}
   size_t InitialHeapSize                          = 130023424                                 {product} {ergonomic}
   size_t MarkStackSize                            = 4194304                                   {product} {ergonomic}
   size_t MaxHeapSize                              = 2076180480                                {product} {ergonomic}
   size_t MaxNewSize                               = 1245708288                                {product} {ergonomic}
   size_t MinHeapDeltaBytes                        = 1048576                                   {product} {ergonomic}
   size_t MinHeapSize                              = 8388608                                   {product} {ergonomic}
    uintx NonNMethodCodeHeapSize                   = 5839372                                {pd product} {ergonomic}
    uintx NonProfiledCodeHeapSize                  = 122909434                              {pd product} {ergonomic}
    uintx ProfiledCodeHeapSize                     = 122909434                              {pd product} {ergonomic}
    uintx ReservedCodeCacheSize                    = 251658240                              {pd product} {ergonomic}
     bool SegmentedCodeCache                       = true                                      {product} {ergonomic}
   size_t SoftMaxHeapSize                          = 2076180480                             {manageable} {ergonomic}
     bool UseCompressedClassPointers               = true                           {product lp64_product} {ergonomic}
     bool UseCompressedOops                        = true                           {product lp64_product} {ergonomic}
     bool UseG1GC                                  = true                                      {product} {ergonomic}
     bool UseLargePagesIndividualAllocation        = false                                  {pd product} {ergonomic}

Logging:
Log output configuration:
 #0: stdout all=warning uptime,level,tags
 #1: stderr all=off uptime,level,tags

Environment Variables:
PATH=C:\Program Files (x86)\VMware\VMware Workstation\bin\;C:\Program Files\Common Files\Oracle\Java\javapath;C:\Windows\system32;C:\Windows;C:\Windows\System32\Wbem;C:\Windows\System32\WindowsPowerShell\v1.0\;C:\Windows\System32\OpenSSH\;C:\Program Files (x86)\NVIDIA Corporation\PhysX\Common;C:\Program Files\NVIDIA Corporation\NVIDIA NvDLISR;C:\Program Files\Java\jdk-17.0.2\bin;C:\Program Files\Git\cmd;C:\Program Files\nodejs\;C:\ProgramData\chocolatey\bin;C:\Users\ZZO\AppData\Local\Microsoft\WindowsApps;C:\JWD50\Frontend\Microsoft VS Code\bin;C:\Users\ZZO\AppData\Roaming\npm;C:\Users\ZZO\AppData\Local\GitHubDesktop\bin
USERNAME=ZZO
OS=Windows_NT
PROCESSOR_IDENTIFIER=Intel64 Family 6 Model 141 Stepping 1, GenuineIntel



---------------  S Y S T E M  ---------------

OS:
 Windows 11 , 64 bit Build 22621 (10.0.22621.3672)
OS uptime: 11 days 17:58 hours

CPU: total 12 (initial active 12) (6 cores per cpu, 2 threads per core) family 6 model 141 stepping 1 microcode 0x34, cx8, cmov, fxsr, ht, mmx, 3dnowpref, sse, sse2, sse3, ssse3, sse4.1, sse4.2, popcnt, lzcnt, tsc, tscinvbit, avx, avx2, aes, erms, clmul, bmi1, bmi2, adx, avx512f, avx512dq, avx512cd, avx512bw, avx512vl, sha, fma, vzeroupper, avx512_vpopcntdq, avx512_vpclmulqdq, avx512_vaes, avx512_vnni, clflush, clflushopt, clwb, avx512_vbmi2, avx512_vbmi

Memory: 4k page, system-wide physical 7914M (1122M free)
TotalPageFile size 32490M (AvailPageFile size 5M)
current process WorkingSet (physical memory assigned to process): 234M, peak: 308M
current process commit charge ("private bytes"): 379M, peak: 402M

vm_info: Java HotSpot(TM) 64-Bit Server VM (17.0.2+8-LTS-86) for windows-amd64 JRE (17.0.2+8-LTS-86), built on Dec  7 2021 21:51:03 by "mach5one" with MS VC++ 16.8 / 16.9 (VS2019)

END.
